<?xml version="1.0" encoding="UTF-8"?>
<!-- Generated by org.testng.reporters.JUnitXMLReporter -->
<testsuite ignored="0" hostname="LKCONKWICKRAM02" failures="1" tests="10" name="Test" time="151.238" errors="0" timestamp="2021-07-21T11:20:09 IST">
  <testcase classname="testCases.TestLoginFunctionality" name="testLoginSuccessfully" time="2.608"/>
  <testcase classname="testCases.TestAlertsFunctionality" name="testingAlertsCancelFunction" time="0.565"/>
  <testcase classname="testCases.TestAlertsFunctionality" name="testingAlertsFunction" time="0.564"/>
  <testcase classname="testCases.TestAlertsFunctionality" name="testingPromptFunction" time="0.581"/>
  <testcase classname="testCases.TestContextMenuFunctionality" name="performContextClick" time="0.652"/>
  <testcase classname="testCases.TestDopdownFunctionality" name="selectDropdownOption" time="0.595">
    <failure type="java.lang.AssertionError" message="Incorrect number of selections expected [2] but found [1]">
      <![CDATA[java.lang.AssertionError: Incorrect number of selections expected [2] but found [1]
at testCases.TestDopdownFunctionality.selectDropdownOption(TestDopdownFunctionality.java:18)
at java.base/java.util.ArrayList.forEach(ArrayList.java:1511)
... Removed 32 stack frames]]>
    </failure>
  </testcase> <!-- selectDropdownOption -->
  <testcase classname="testCases.TestDynemicallyLodingElements" name="loadDinemicallyLoadingElements" time="6.438"/>
  <testcase classname="testCases.TestDynemicallyLodingElements" name="waitingForTextLabel" time="6.52"/>
  <testcase classname="testCases.TestFileUploadFunctionality" name="testFileUpload" time="60.721"/>
  <testcase classname="testCases.TestPasswordResetFunctionality" name="setNewPassword" time="1.261"/>
</testsuite> <!-- Test -->
